2022-05-21 16:50:42 [main] INFO  c.m.d.t.TwitterToKafkaServiceApplication - Starting TwitterToKafkaServiceApplication using Java 11.0.11 on USWFNBDEVKOTA01 with PID 9520 (C:\Development\EventDrivenMicroservices\microservices-demo\twitter-to-kafka-service\target\classes started by bdevkota in C:\Development\EventDrivenMicroservices\microservices-demo)
2022-05-21 16:50:42 [main] INFO  c.m.d.t.TwitterToKafkaServiceApplication - No active profile set, falling back to 1 default profile: "default"
2022-05-21 16:50:43 [main] INFO  c.m.d.t.TwitterToKafkaServiceApplication - Started TwitterToKafkaServiceApplication in 0.813 seconds (JVM running for 3.318)
2022-05-21 16:50:43 [main] INFO  c.m.d.t.TwitterToKafkaServiceApplication - App starts...
2022-05-21 16:50:43 [main] INFO  c.m.d.t.TwitterToKafkaServiceApplication - [Java, Microservices, Spring, Kafka, Elasticsearch]
2022-05-21 16:51:13 [main] INFO  c.m.d.t.TwitterToKafkaServiceApplication - Starting TwitterToKafkaServiceApplication using Java 11.0.11 on USWFNBDEVKOTA01 with PID 23468 (C:\Development\EventDrivenMicroservices\microservices-demo\twitter-to-kafka-service\target\classes started by bdevkota in C:\Development\EventDrivenMicroservices\microservices-demo)
2022-05-21 16:51:13 [main] INFO  c.m.d.t.TwitterToKafkaServiceApplication - No active profile set, falling back to 1 default profile: "default"
2022-05-21 16:51:13 [main] INFO  c.m.d.t.TwitterToKafkaServiceApplication - Started TwitterToKafkaServiceApplication in 0.876 seconds (JVM running for 2.216)
2022-05-21 16:51:13 [main] INFO  c.m.d.t.TwitterToKafkaServiceApplication - App starts...
2022-05-21 16:51:13 [main] INFO  c.m.d.t.TwitterToKafkaServiceApplication - [Java, Microservices, Spring, Kafka, Elasticsearch]
2022-05-21 16:51:23 [main] INFO  c.m.d.t.TwitterToKafkaServiceApplication - Starting TwitterToKafkaServiceApplication using Java 11.0.11 on USWFNBDEVKOTA01 with PID 23116 (C:\Development\EventDrivenMicroservices\microservices-demo\twitter-to-kafka-service\target\classes started by bdevkota in C:\Development\EventDrivenMicroservices\microservices-demo)
2022-05-21 16:51:23 [main] INFO  c.m.d.t.TwitterToKafkaServiceApplication - No active profile set, falling back to 1 default profile: "default"
2022-05-21 16:51:23 [main] INFO  c.m.d.t.TwitterToKafkaServiceApplication - Started TwitterToKafkaServiceApplication in 0.903 seconds (JVM running for 2.187)
2022-05-21 16:51:23 [main] INFO  c.m.d.t.TwitterToKafkaServiceApplication - App starts...
2022-05-21 16:51:23 [main] INFO  c.m.d.t.TwitterToKafkaServiceApplication - [Java, Microservices, Spring, Kafka, Elasticsearch]
2022-05-21 16:53:55 [main] INFO  c.m.d.t.TwitterToKafkaServiceApplication - Starting TwitterToKafkaServiceApplication using Java 11.0.11 on USWFNBDEVKOTA01 with PID 15284 (C:\Development\EventDrivenMicroservices\microservices-demo\twitter-to-kafka-service\target\classes started by bdevkota in C:\Development\EventDrivenMicroservices\microservices-demo)
2022-05-21 16:53:55 [main] INFO  c.m.d.t.TwitterToKafkaServiceApplication - No active profile set, falling back to 1 default profile: "default"
2022-05-21 16:53:56 [main] INFO  c.m.d.t.TwitterToKafkaServiceApplication - Started TwitterToKafkaServiceApplication in 0.887 seconds (JVM running for 1.982)
2022-05-21 16:53:56 [main] INFO  c.m.d.t.TwitterToKafkaServiceApplication - App starts...
2022-05-21 16:53:56 [main] INFO  c.m.d.t.TwitterToKafkaServiceApplication - [Java, Microservices, Spring, Kafka, Elasticsearch]
2022-05-21 16:53:56 [main] INFO  c.m.d.t.TwitterToKafkaServiceApplication - hey there
2022-05-21 17:00:01 [main] INFO  c.m.d.t.TwitterToKafkaServiceApplication - Starting TwitterToKafkaServiceApplication using Java 11.0.11 on USWFNBDEVKOTA01 with PID 6228 (C:\Development\EventDrivenMicroservices\microservices-demo\twitter-to-kafka-service\target\classes started by bdevkota in C:\Development\EventDrivenMicroservices\microservices-demo)
2022-05-21 17:00:01 [main] INFO  c.m.d.t.TwitterToKafkaServiceApplication - No active profile set, falling back to 1 default profile: "default"
2022-05-21 17:00:01 [main] INFO  c.m.d.t.TwitterToKafkaServiceApplication - Started TwitterToKafkaServiceApplication in 0.748 seconds (JVM running for 2.079)
2022-05-21 17:00:01 [main] INFO  c.m.d.t.TwitterToKafkaServiceApplication - App starts...
2022-05-21 17:00:01 [main] INFO  c.m.d.t.TwitterToKafkaServiceApplication - [Java, Microservices, Spring, Kafka, Elasticsearch]
2022-05-21 17:00:01 [main] INFO  c.m.d.t.TwitterToKafkaServiceApplication - hey there
2022-05-21 19:01:44 [main] INFO  c.m.d.t.TwitterToKafkaServiceApplication - Starting TwitterToKafkaServiceApplication using Java 11.0.11 on USWFNBDEVKOTA01 with PID 6392 (C:\Development\EventDrivenMicroservices\microservices-demo\twitter-to-kafka-service\target\classes started by bdevkota in C:\Development\EventDrivenMicroservices\microservices-demo)
2022-05-21 19:01:44 [main] INFO  c.m.d.t.TwitterToKafkaServiceApplication - No active profile set, falling back to 1 default profile: "default"
2022-05-21 19:01:45 [main] INFO  c.m.d.t.TwitterToKafkaServiceApplication - Started TwitterToKafkaServiceApplication in 1.028 seconds (JVM running for 2.708)
2022-05-21 19:01:45 [main] INFO  c.m.d.t.TwitterToKafkaServiceApplication - App starts...
2022-05-21 19:01:45 [main] INFO  c.m.d.t.TwitterToKafkaServiceApplication - [Java, Microservices, Spring, Kafka, Elasticsearch]
2022-05-21 19:01:45 [main] INFO  c.m.d.t.TwitterToKafkaServiceApplication - hey there
2022-05-21 19:01:45 [Twitter Stream consumer /  [1][initializing]] INFO  twitter4j.TwitterStreamImpl - Establishing connection.
2022-05-21 19:01:45 [main] INFO  c.m.d.t.r.i.TwitterKafkaStreamRunner - Started filtering twitter stream for keywords [Java, Microservices, Spring, Kafka, Elasticsearch]
2022-05-21 19:01:45 [Twitter Stream consumer /  [1][Establishing connection]] INFO  twitter4j.TwitterStreamImpl - 401:Authentication credentials (https://dev.twitter.com/pages/auth) were missing or incorrect. Ensure that you have set valid consumer key/secret, access token/secret, and the system clock is in sync.
<html>\n<head>\n<meta http-equiv="Content-Type" content="text/html; charset=utf-8"/>\n<title>Error 401 Unauthorized</title>
</head>
<body>
<h2>HTTP ERROR: 401</h2>
<p>Problem accessing '/1.1/statuses/filter.json'. Reason:
<pre>    Unauthorized</pre>
</body>
</html>

2022-05-21 19:01:45 [Twitter Stream consumer /  [1][Establishing connection]] INFO  twitter4j.TwitterStreamImpl - Waiting for 10000 milliseconds
2022-05-21 19:01:55 [Twitter Stream consumer /  [1][Waiting for 10000 milliseconds]] INFO  twitter4j.TwitterStreamImpl - Establishing connection.
2022-05-21 19:01:55 [Twitter Stream consumer /  [1][Establishing connection]] INFO  twitter4j.TwitterStreamImpl - 401:Authentication credentials (https://dev.twitter.com/pages/auth) were missing or incorrect. Ensure that you have set valid consumer key/secret, access token/secret, and the system clock is in sync.
<html>\n<head>\n<meta http-equiv="Content-Type" content="text/html; charset=utf-8"/>\n<title>Error 401 Unauthorized</title>
</head>
<body>
<h2>HTTP ERROR: 401</h2>
<p>Problem accessing '/1.1/statuses/filter.json'. Reason:
<pre>    Unauthorized</pre>
</body>
</html>

2022-05-21 19:01:55 [Twitter Stream consumer /  [1][Establishing connection]] INFO  twitter4j.TwitterStreamImpl - Waiting for 20000 milliseconds
2022-05-21 19:02:15 [Twitter Stream consumer /  [1][Waiting for 20000 milliseconds]] INFO  twitter4j.TwitterStreamImpl - Establishing connection.
2022-05-21 19:02:16 [Twitter Stream consumer /  [1][Establishing connection]] INFO  twitter4j.TwitterStreamImpl - 401:Authentication credentials (https://dev.twitter.com/pages/auth) were missing or incorrect. Ensure that you have set valid consumer key/secret, access token/secret, and the system clock is in sync.
<html>\n<head>\n<meta http-equiv="Content-Type" content="text/html; charset=utf-8"/>\n<title>Error 401 Unauthorized</title>
</head>
<body>
<h2>HTTP ERROR: 401</h2>
<p>Problem accessing '/1.1/statuses/filter.json'. Reason:
<pre>    Unauthorized</pre>
</body>
</html>

2022-05-21 19:02:16 [Twitter Stream consumer /  [1][Establishing connection]] INFO  twitter4j.TwitterStreamImpl - Waiting for 40000 milliseconds
2022-05-21 19:02:56 [Twitter Stream consumer /  [1][Waiting for 40000 milliseconds]] INFO  twitter4j.TwitterStreamImpl - Establishing connection.
2022-05-21 19:02:56 [Twitter Stream consumer /  [1][Establishing connection]] INFO  twitter4j.TwitterStreamImpl - 401:Authentication credentials (https://dev.twitter.com/pages/auth) were missing or incorrect. Ensure that you have set valid consumer key/secret, access token/secret, and the system clock is in sync.
<html>\n<head>\n<meta http-equiv="Content-Type" content="text/html; charset=utf-8"/>\n<title>Error 401 Unauthorized</title>
</head>
<body>
<h2>HTTP ERROR: 401</h2>
<p>Problem accessing '/1.1/statuses/filter.json'. Reason:
<pre>    Unauthorized</pre>
</body>
</html>

2022-05-21 19:02:56 [Twitter Stream consumer /  [1][Establishing connection]] INFO  twitter4j.TwitterStreamImpl - Waiting for 80000 milliseconds
2022-05-21 19:06:55 [main] INFO  c.m.d.t.TwitterToKafkaServiceApplication - Starting TwitterToKafkaServiceApplication using Java 11.0.11 on USWFNBDEVKOTA01 with PID 25440 (C:\Development\EventDrivenMicroservices\microservices-demo\twitter-to-kafka-service\target\classes started by bdevkota in C:\Development\EventDrivenMicroservices\microservices-demo)
2022-05-21 19:06:55 [main] INFO  c.m.d.t.TwitterToKafkaServiceApplication - No active profile set, falling back to 1 default profile: "default"
2022-05-21 19:06:55 [main] INFO  c.m.d.t.TwitterToKafkaServiceApplication - Started TwitterToKafkaServiceApplication in 0.914 seconds (JVM running for 2.384)
2022-05-21 19:06:55 [main] INFO  c.m.d.t.TwitterToKafkaServiceApplication - App starts...
2022-05-21 19:06:55 [main] INFO  c.m.d.t.TwitterToKafkaServiceApplication - [Java, Microservices, Spring, Kafka, Elasticsearch]
2022-05-21 19:06:55 [main] INFO  c.m.d.t.TwitterToKafkaServiceApplication - hey there
2022-05-21 19:06:56 [Twitter Stream consumer /  [1][initializing]] INFO  twitter4j.TwitterStreamImpl - Establishing connection.
2022-05-21 19:06:55 [main] INFO  c.m.d.t.r.i.TwitterKafkaStreamRunner - Started filtering twitter stream for keywords [Java, Microservices, Spring, Kafka, Elasticsearch]
2022-05-21 19:06:56 [Twitter Stream consumer /  [1][Establishing connection]] INFO  twitter4j.TwitterStreamImpl - 403:The request is understood, but it has been refused. An accompanying error message will explain why. This code is used when requests are being denied due to update limits (https://support.twitter.com/articles/15364-about-twitter-limits-update-api-dm-and-following).
<html>\n<head>\n<meta http-equiv="Content-Type" content="text/html; charset=utf-8"/>\n<title>Error 403 
Please use V2 filtered and sample volume stream as alternatives
</title>
</head>
<body>
<h2>HTTP ERROR: 403</h2>
<p>Problem accessing '/1.1/statuses/filter.json'. Reason:
<pre>    
Please use V2 filtered and sample volume stream as alternatives
</pre>
</body>
</html>

2022-05-21 19:06:56 [Twitter Stream consumer /  [1][Establishing connection]] WARN  twitter4j.TwitterStreamImpl - This account is not in required role. 403:The request is understood, but it has been refused. An accompanying error message will explain why. This code is used when requests are being denied due to update limits (https://support.twitter.com/articles/15364-about-twitter-limits-update-api-dm-and-following).
<html>\n<head>\n<meta http-equiv="Content-Type" content="text/html; charset=utf-8"/>\n<title>Error 403 
Please use V2 filtered and sample volume stream as alternatives
</title>
</head>
<body>
<h2>HTTP ERROR: 403</h2>
<p>Problem accessing '/1.1/statuses/filter.json'. Reason:
<pre>    
Please use V2 filtered and sample volume stream as alternatives
</pre>
</body>
</html>

2022-05-21 19:06:56 [SpringApplicationShutdownHook] INFO  c.m.d.t.r.i.TwitterKafkaStreamRunner - Closing twitter stream!
2022-05-21 19:14:35 [main] INFO  c.m.d.t.TwitterToKafkaServiceApplication - Starting TwitterToKafkaServiceApplication using Java 11.0.11 on USWFNBDEVKOTA01 with PID 24820 (C:\Development\EventDrivenMicroservices\microservices-demo\twitter-to-kafka-service\target\classes started by bdevkota in C:\Development\EventDrivenMicroservices\microservices-demo)
2022-05-21 19:14:35 [main] INFO  c.m.d.t.TwitterToKafkaServiceApplication - No active profile set, falling back to 1 default profile: "default"
2022-05-21 19:14:36 [main] INFO  c.m.d.t.TwitterToKafkaServiceApplication - Started TwitterToKafkaServiceApplication in 0.955 seconds (JVM running for 2.459)
2022-05-21 19:14:36 [main] INFO  c.m.d.t.TwitterToKafkaServiceApplication - App starts...
2022-05-21 19:14:36 [main] INFO  c.m.d.t.TwitterToKafkaServiceApplication - [Java, Microservices, Spring, Kafka, Elasticsearch]
2022-05-21 19:14:36 [main] INFO  c.m.d.t.TwitterToKafkaServiceApplication - hey there
2022-05-21 19:14:36 [Twitter Stream consumer /  [1][initializing]] INFO  twitter4j.TwitterStreamImpl - Establishing connection.
2022-05-21 19:14:36 [main] INFO  c.m.d.t.r.i.TwitterKafkaStreamRunner - Started filtering twitter stream for keywords [Java, Microservices, Spring, Kafka, Elasticsearch]
2022-05-21 19:14:37 [Twitter Stream consumer /  [1][Establishing connection]] INFO  twitter4j.TwitterStreamImpl - 403:The request is understood, but it has been refused. An accompanying error message will explain why. This code is used when requests are being denied due to update limits (https://support.twitter.com/articles/15364-about-twitter-limits-update-api-dm-and-following).
<html>\n<head>\n<meta http-equiv="Content-Type" content="text/html; charset=utf-8"/>\n<title>Error 403 
Please use V2 filtered and sample volume stream as alternatives
</title>
</head>
<body>
<h2>HTTP ERROR: 403</h2>
<p>Problem accessing '/1.1/statuses/filter.json'. Reason:
<pre>    
Please use V2 filtered and sample volume stream as alternatives
</pre>
</body>
</html>

2022-05-21 19:14:37 [Twitter Stream consumer /  [1][Establishing connection]] WARN  twitter4j.TwitterStreamImpl - This account is not in required role. 403:The request is understood, but it has been refused. An accompanying error message will explain why. This code is used when requests are being denied due to update limits (https://support.twitter.com/articles/15364-about-twitter-limits-update-api-dm-and-following).
<html>\n<head>\n<meta http-equiv="Content-Type" content="text/html; charset=utf-8"/>\n<title>Error 403 
Please use V2 filtered and sample volume stream as alternatives
</title>
</head>
<body>
<h2>HTTP ERROR: 403</h2>
<p>Problem accessing '/1.1/statuses/filter.json'. Reason:
<pre>    
Please use V2 filtered and sample volume stream as alternatives
</pre>
</body>
</html>

2022-05-21 19:14:37 [SpringApplicationShutdownHook] INFO  c.m.d.t.r.i.TwitterKafkaStreamRunner - Closing twitter stream!
2022-05-21 20:48:51 [main] INFO  c.m.d.t.TwitterToKafkaServiceApplication - Starting TwitterToKafkaServiceApplication using Java 11.0.11 on USWFNBDEVKOTA01 with PID 12292 (C:\Development\EventDrivenMicroservices\microservices-demo\twitter-to-kafka-service\target\classes started by bdevkota in C:\Development\EventDrivenMicroservices\microservices-demo)
2022-05-21 20:48:51 [main] INFO  c.m.d.t.TwitterToKafkaServiceApplication - No active profile set, falling back to 1 default profile: "default"
2022-05-21 20:48:52 [main] INFO  c.m.d.t.TwitterToKafkaServiceApplication - Started TwitterToKafkaServiceApplication in 1.121 seconds (JVM running for 3.324)
2022-05-21 20:48:52 [main] INFO  c.m.d.t.TwitterToKafkaServiceApplication - App starts...
2022-05-21 20:48:52 [main] INFO  c.m.d.t.TwitterToKafkaServiceApplication - [Java, Microservices, Spring, Kafka, Elasticsearch]
2022-05-21 20:48:52 [main] INFO  c.m.d.t.TwitterToKafkaServiceApplication - hey there
2022-05-21 20:48:52 [Twitter Stream consumer /  [1][initializing]] INFO  twitter4j.TwitterStreamImpl - Establishing connection.
2022-05-21 20:48:52 [main] INFO  c.m.d.t.r.i.TwitterKafkaStreamRunner - Started filtering twitter stream for keywords [Java, Microservices, Spring, Kafka, Elasticsearch]
2022-05-21 20:48:52 [Twitter Stream consumer /  [1][Establishing connection]] INFO  twitter4j.TwitterStreamImpl - 403:The request is understood, but it has been refused. An accompanying error message will explain why. This code is used when requests are being denied due to update limits (https://support.twitter.com/articles/15364-about-twitter-limits-update-api-dm-and-following).
<html>\n<head>\n<meta http-equiv="Content-Type" content="text/html; charset=utf-8"/>\n<title>Error 403 
Please use V2 filtered and sample volume stream as alternatives
</title>
</head>
<body>
<h2>HTTP ERROR: 403</h2>
<p>Problem accessing '/1.1/statuses/filter.json'. Reason:
<pre>    
Please use V2 filtered and sample volume stream as alternatives
</pre>
</body>
</html>

2022-05-21 20:48:52 [Twitter Stream consumer /  [1][Establishing connection]] WARN  twitter4j.TwitterStreamImpl - This account is not in required role. 403:The request is understood, but it has been refused. An accompanying error message will explain why. This code is used when requests are being denied due to update limits (https://support.twitter.com/articles/15364-about-twitter-limits-update-api-dm-and-following).
<html>\n<head>\n<meta http-equiv="Content-Type" content="text/html; charset=utf-8"/>\n<title>Error 403 
Please use V2 filtered and sample volume stream as alternatives
</title>
</head>
<body>
<h2>HTTP ERROR: 403</h2>
<p>Problem accessing '/1.1/statuses/filter.json'. Reason:
<pre>    
Please use V2 filtered and sample volume stream as alternatives
</pre>
</body>
</html>

2022-05-21 20:48:52 [SpringApplicationShutdownHook] INFO  c.m.d.t.r.i.TwitterKafkaStreamRunner - Closing twitter stream!
2022-05-21 21:02:35 [main] INFO  c.m.d.t.TwitterToKafkaServiceApplication - Starting TwitterToKafkaServiceApplication using Java 11.0.11 on USWFNBDEVKOTA01 with PID 13140 (C:\Development\EventDrivenMicroservices\microservices-demo\twitter-to-kafka-service\target\classes started by bdevkota in C:\Development\EventDrivenMicroservices\microservices-demo)
2022-05-21 21:02:35 [main] INFO  c.m.d.t.TwitterToKafkaServiceApplication - No active profile set, falling back to 1 default profile: "default"
2022-05-21 21:02:35 [main] INFO  c.m.d.t.TwitterToKafkaServiceApplication - Started TwitterToKafkaServiceApplication in 1.108 seconds (JVM running for 4.039)
2022-05-21 21:02:35 [main] INFO  c.m.d.t.TwitterToKafkaServiceApplication - App starts...
2022-05-21 21:02:35 [main] INFO  c.m.d.t.TwitterToKafkaServiceApplication - [Java, Microservices, Spring, Kafka, Elasticsearch]
2022-05-21 21:02:35 [main] INFO  c.m.d.t.TwitterToKafkaServiceApplication - hey there
2022-05-21 21:02:35 [main] INFO  c.m.d.t.r.i.TwitterKafkaStreamRunner - Started filtering twitter stream for keywords {}
2022-05-21 21:02:35 [SpringApplicationShutdownHook] INFO  c.m.d.t.r.i.TwitterKafkaStreamRunner - Closing twitter stream!
2022-05-21 21:05:43 [main] INFO  c.m.d.t.TwitterToKafkaServiceApplication - Starting TwitterToKafkaServiceApplication using Java 11.0.11 on USWFNBDEVKOTA01 with PID 12040 (C:\Development\EventDrivenMicroservices\microservices-demo\twitter-to-kafka-service\target\classes started by bdevkota in C:\Development\EventDrivenMicroservices\microservices-demo)
2022-05-21 21:05:43 [main] INFO  c.m.d.t.TwitterToKafkaServiceApplication - No active profile set, falling back to 1 default profile: "default"
2022-05-21 21:05:44 [main] INFO  c.m.d.t.TwitterToKafkaServiceApplication - Started TwitterToKafkaServiceApplication in 1.14 seconds (JVM running for 2.99)
2022-05-21 21:05:44 [main] INFO  c.m.d.t.TwitterToKafkaServiceApplication - App starts...
2022-05-21 21:05:44 [main] INFO  c.m.d.t.TwitterToKafkaServiceApplication - [Java, Microservices, Spring, Kafka, Elasticsearch]
2022-05-21 21:05:44 [main] INFO  c.m.d.t.TwitterToKafkaServiceApplication - hey there
2022-05-21 21:05:44 [main] INFO  c.m.d.t.r.i.TwitterKafkaStreamRunner - Started filtering twitter stream for keywords {}
2022-05-21 21:05:44 [Twitter Stream consumer-1[initializing]] INFO  twitter4j.TwitterStreamImpl - Establishing connection.
2022-05-21 21:05:44 [Twitter Stream consumer-1[Establishing connection]] INFO  twitter4j.TwitterStreamImpl - 403:The request is understood, but it has been refused. An accompanying error message will explain why. This code is used when requests are being denied due to update limits (https://support.twitter.com/articles/15364-about-twitter-limits-update-api-dm-and-following).
<html>\n<head>\n<meta http-equiv="Content-Type" content="text/html; charset=utf-8"/>\n<title>Error 403 
Please use V2 filtered and sample volume stream as alternatives
</title>
</head>
<body>
<h2>HTTP ERROR: 403</h2>
<p>Problem accessing '/1.1/statuses/filter.json'. Reason:
<pre>    
Please use V2 filtered and sample volume stream as alternatives
</pre>
</body>
</html>

2022-05-21 21:05:44 [Twitter Stream consumer-1[Establishing connection]] WARN  twitter4j.TwitterStreamImpl - This account is not in required role. 403:The request is understood, but it has been refused. An accompanying error message will explain why. This code is used when requests are being denied due to update limits (https://support.twitter.com/articles/15364-about-twitter-limits-update-api-dm-and-following).
<html>\n<head>\n<meta http-equiv="Content-Type" content="text/html; charset=utf-8"/>\n<title>Error 403 
Please use V2 filtered and sample volume stream as alternatives
</title>
</head>
<body>
<h2>HTTP ERROR: 403</h2>
<p>Problem accessing '/1.1/statuses/filter.json'. Reason:
<pre>    
Please use V2 filtered and sample volume stream as alternatives
</pre>
</body>
</html>

2022-05-21 21:05:44 [SpringApplicationShutdownHook] INFO  c.m.d.t.r.i.TwitterKafkaStreamRunner - Closing twitter stream!
