2022-05-25 21:55:51 [main] INFO  c.m.d.t.TwitterToKafkaServiceApplication - Starting TwitterToKafkaServiceApplication using Java 11.0.11 on USWFNBDEVKOTA01 with PID 12192 (C:\Development\EventDrivenMicroservices\microservices-demo\twitter-to-kafka-service\target\classes started by bdevkota in C:\Development\EventDrivenMicroservices\microservices-demo)
2022-05-25 21:55:51 [main] INFO  c.m.d.t.TwitterToKafkaServiceApplication - No active profile set, falling back to 1 default profile: "default"
2022-05-25 21:55:52 [main] WARN  o.s.b.w.r.c.AnnotationConfigReactiveWebServerApplicationContext - Exception encountered during context initialization - cancelling refresh attempt: org.springframework.beans.factory.BeanCreationException: Error creating bean with name 'org.springframework.aop.config.internalAutoProxyCreator': Initialization of bean failed; nested exception is java.lang.NoClassDefFoundError: org/aspectj/lang/annotation/Pointcut
2022-05-25 21:55:52 [main] INFO  o.s.b.a.l.ConditionEvaluationReportLoggingListener - 

Error starting ApplicationContext. To display the conditions report re-run your application with 'debug' enabled.
2022-05-25 21:55:52 [main] ERROR o.s.boot.SpringApplication - Application run failed
org.springframework.beans.factory.BeanCreationException: Error creating bean with name 'org.springframework.aop.config.internalAutoProxyCreator': Initialization of bean failed; nested exception is java.lang.NoClassDefFoundError: org/aspectj/lang/annotation/Pointcut
	at org.springframework.beans.factory.support.AbstractAutowireCapableBeanFactory.doCreateBean(AbstractAutowireCapableBeanFactory.java:628)
	at org.springframework.beans.factory.support.AbstractAutowireCapableBeanFactory.createBean(AbstractAutowireCapableBeanFactory.java:542)
	at org.springframework.beans.factory.support.AbstractBeanFactory.lambda$doGetBean$0(AbstractBeanFactory.java:335)
	at org.springframework.beans.factory.support.DefaultSingletonBeanRegistry.getSingleton(DefaultSingletonBeanRegistry.java:234)
	at org.springframework.beans.factory.support.AbstractBeanFactory.doGetBean(AbstractBeanFactory.java:333)
	at org.springframework.beans.factory.support.AbstractBeanFactory.getBean(AbstractBeanFactory.java:213)
	at org.springframework.context.support.PostProcessorRegistrationDelegate.registerBeanPostProcessors(PostProcessorRegistrationDelegate.java:258)
	at org.springframework.context.support.AbstractApplicationContext.registerBeanPostProcessors(AbstractApplicationContext.java:762)
	at org.springframework.context.support.AbstractApplicationContext.refresh(AbstractApplicationContext.java:567)
	at org.springframework.boot.web.reactive.context.ReactiveWebServerApplicationContext.refresh(ReactiveWebServerApplicationContext.java:64)
	at org.springframework.boot.SpringApplication.refresh(SpringApplication.java:740)
	at org.springframework.boot.SpringApplication.refreshContext(SpringApplication.java:415)
	at org.springframework.boot.SpringApplication.run(SpringApplication.java:303)
	at org.springframework.boot.SpringApplication.run(SpringApplication.java:1312)
	at org.springframework.boot.SpringApplication.run(SpringApplication.java:1301)
	at com.microservicesdemo.demo.twitterToKafkaService.TwitterToKafkaServiceApplication.main(TwitterToKafkaServiceApplication.java:58)
Caused by: java.lang.NoClassDefFoundError: org/aspectj/lang/annotation/Pointcut
	at org.springframework.aop.aspectj.annotation.AbstractAspectJAdvisorFactory.<clinit>(AbstractAspectJAdvisorFactory.java:62)
	at org.springframework.aop.aspectj.annotation.AnnotationAwareAspectJAutoProxyCreator.initBeanFactory(AnnotationAwareAspectJAutoProxyCreator.java:82)
	at org.springframework.aop.framework.autoproxy.AbstractAdvisorAutoProxyCreator.setBeanFactory(AbstractAdvisorAutoProxyCreator.java:65)
	at org.springframework.beans.factory.support.AbstractAutowireCapableBeanFactory.invokeAwareMethods(AbstractAutowireCapableBeanFactory.java:1826)
	at org.springframework.beans.factory.support.AbstractAutowireCapableBeanFactory.initializeBean(AbstractAutowireCapableBeanFactory.java:1791)
	at org.springframework.beans.factory.support.AbstractAutowireCapableBeanFactory.doCreateBean(AbstractAutowireCapableBeanFactory.java:620)
	... 15 common frames omitted
Caused by: java.lang.ClassNotFoundException: org.aspectj.lang.annotation.Pointcut
	at java.base/jdk.internal.loader.BuiltinClassLoader.loadClass(BuiltinClassLoader.java:581)
	at java.base/jdk.internal.loader.ClassLoaders$AppClassLoader.loadClass(ClassLoaders.java:178)
	at java.base/java.lang.ClassLoader.loadClass(ClassLoader.java:522)
	... 21 common frames omitted
2022-05-25 22:06:46 [main] INFO  c.m.d.t.TwitterToKafkaServiceApplication - Starting TwitterToKafkaServiceApplication using Java 11.0.11 on USWFNBDEVKOTA01 with PID 20092 (C:\Development\EventDrivenMicroservices\microservices-demo\twitter-to-kafka-service\target\classes started by bdevkota in C:\Development\EventDrivenMicroservices\microservices-demo)
2022-05-25 22:06:46 [main] INFO  c.m.d.t.TwitterToKafkaServiceApplication - No active profile set, falling back to 1 default profile: "default"
2022-05-25 22:06:47 [main] WARN  o.s.b.w.r.c.AnnotationConfigReactiveWebServerApplicationContext - Exception encountered during context initialization - cancelling refresh attempt: org.springframework.beans.factory.BeanCreationException: Error creating bean with name 'org.springframework.aop.config.internalAutoProxyCreator': Initialization of bean failed; nested exception is java.lang.NoClassDefFoundError: org/aspectj/lang/annotation/Pointcut
2022-05-25 22:06:47 [main] INFO  o.s.b.a.l.ConditionEvaluationReportLoggingListener - 

Error starting ApplicationContext. To display the conditions report re-run your application with 'debug' enabled.
2022-05-25 22:06:47 [main] ERROR o.s.boot.SpringApplication - Application run failed
org.springframework.beans.factory.BeanCreationException: Error creating bean with name 'org.springframework.aop.config.internalAutoProxyCreator': Initialization of bean failed; nested exception is java.lang.NoClassDefFoundError: org/aspectj/lang/annotation/Pointcut
	at org.springframework.beans.factory.support.AbstractAutowireCapableBeanFactory.doCreateBean(AbstractAutowireCapableBeanFactory.java:628)
	at org.springframework.beans.factory.support.AbstractAutowireCapableBeanFactory.createBean(AbstractAutowireCapableBeanFactory.java:542)
	at org.springframework.beans.factory.support.AbstractBeanFactory.lambda$doGetBean$0(AbstractBeanFactory.java:335)
	at org.springframework.beans.factory.support.DefaultSingletonBeanRegistry.getSingleton(DefaultSingletonBeanRegistry.java:234)
	at org.springframework.beans.factory.support.AbstractBeanFactory.doGetBean(AbstractBeanFactory.java:333)
	at org.springframework.beans.factory.support.AbstractBeanFactory.getBean(AbstractBeanFactory.java:213)
	at org.springframework.context.support.PostProcessorRegistrationDelegate.registerBeanPostProcessors(PostProcessorRegistrationDelegate.java:258)
	at org.springframework.context.support.AbstractApplicationContext.registerBeanPostProcessors(AbstractApplicationContext.java:762)
	at org.springframework.context.support.AbstractApplicationContext.refresh(AbstractApplicationContext.java:567)
	at org.springframework.boot.web.reactive.context.ReactiveWebServerApplicationContext.refresh(ReactiveWebServerApplicationContext.java:64)
	at org.springframework.boot.SpringApplication.refresh(SpringApplication.java:740)
	at org.springframework.boot.SpringApplication.refreshContext(SpringApplication.java:415)
	at org.springframework.boot.SpringApplication.run(SpringApplication.java:303)
	at org.springframework.boot.SpringApplication.run(SpringApplication.java:1312)
	at org.springframework.boot.SpringApplication.run(SpringApplication.java:1301)
	at com.microservicesdemo.demo.twitterToKafkaService.TwitterToKafkaServiceApplication.main(TwitterToKafkaServiceApplication.java:58)
Caused by: java.lang.NoClassDefFoundError: org/aspectj/lang/annotation/Pointcut
	at org.springframework.aop.aspectj.annotation.AbstractAspectJAdvisorFactory.<clinit>(AbstractAspectJAdvisorFactory.java:62)
	at org.springframework.aop.aspectj.annotation.AnnotationAwareAspectJAutoProxyCreator.initBeanFactory(AnnotationAwareAspectJAutoProxyCreator.java:82)
	at org.springframework.aop.framework.autoproxy.AbstractAdvisorAutoProxyCreator.setBeanFactory(AbstractAdvisorAutoProxyCreator.java:65)
	at org.springframework.beans.factory.support.AbstractAutowireCapableBeanFactory.invokeAwareMethods(AbstractAutowireCapableBeanFactory.java:1826)
	at org.springframework.beans.factory.support.AbstractAutowireCapableBeanFactory.initializeBean(AbstractAutowireCapableBeanFactory.java:1791)
	at org.springframework.beans.factory.support.AbstractAutowireCapableBeanFactory.doCreateBean(AbstractAutowireCapableBeanFactory.java:620)
	... 15 common frames omitted
Caused by: java.lang.ClassNotFoundException: org.aspectj.lang.annotation.Pointcut
	at java.base/jdk.internal.loader.BuiltinClassLoader.loadClass(BuiltinClassLoader.java:581)
	at java.base/jdk.internal.loader.ClassLoaders$AppClassLoader.loadClass(ClassLoaders.java:178)
	at java.base/java.lang.ClassLoader.loadClass(ClassLoader.java:522)
	... 21 common frames omitted
